<?xml version="1.0" encoding="UTF-8"?>
<!-- Generated by org.testng.reporters.JUnitXMLReporter -->
<testsuite hostname="LAPTOP-FBFACADN" ignored="0" name="Create" tests="3" failures="0" timestamp="2020-12-07T03:24:46 IST" time="18.886" errors="0">
  <testcase name="AddComputer" time="0.744" classname="com.projects.testcases.CreateComputer"/>
  <testcase name="Inputdata" time="1.599" classname="com.projects.testcases.CreateComputer"/>
  <testcase name="clickandverify" time="0.885" classname="com.projects.testcases.CreateComputer"/>
</testsuite> <!-- Create -->
