<?xml version="1.0" encoding="UTF-8"?>
<!-- Generated by org.testng.reporters.JUnitXMLReporter -->
<testsuite hostname="LAPTOP-FBFACADN" ignored="0" name="Edit" tests="3" failures="0" timestamp="2020-12-07T03:24:58 IST" time="11.846" errors="0">
  <testcase name="EditComputerDetails" time="1.608" classname="com.projects.testcases.EditandsaveComputer"/>
  <testcase name="EditdataAndSave" time="1.93" classname="com.projects.testcases.EditandsaveComputer"/>
  <testcase name="verify" time="0.039" classname="com.projects.testcases.EditandsaveComputer"/>
</testsuite> <!-- Edit -->
